[1000]
../temp_windows/
0 sims available
['scratch']
['scratch']
['scratch']
['scratch']
['scratch']
['scratch']
['scratch']
['scratch']
['scratch']
['scratch']
['scratch']
['scratch']
['scratch']
['scratch']
['scratch']
['scratch']
['scratch']
['scratch']
['scratch']
['scratch']
['scratch']
['scratch']
['scratch']
['scratch']
['scratch']
['scratch']
['scratch']
['scratch']
['scratch']
['scratch']
['scratch']
['scratch']
['scratch']
['scratch']
['scratch']
['scratch']
['scratch']
['scratch']
['scratch']
['scratch']
['scratch']
['scratch']
['scratch']
['scratch']
['scratch']
['scratch']
['scratch']
['scratch']
['scratch']
['scratch']
['scratch']
['scratch']
['scratch']
['scratch']
['scratch']
['scratch']
['scratch']
['scratch']
['scratch']
['scratch']
['scratch']
['scratch']
['scratch']
['scratch']
['scratch']
['scratch']
['scratch']
['scratch']
['scratch']
['scratch']
['scratch']
['scratch']
['scratch']
['scratch']
['scratch']
['scratch']
['scratch']
['scratch']
['scratch']
['scratch']
['scratch']
['scratch']
['scratch']
['scratch']
['scratch']
['scratch']
['scratch']
['scratch']
['scratch']
['scratch']
['scratch']
['scratch']
['scratch']
['scratch']
['scratch']
['scratch']
['scratch']
['scratch']
['scratch']
['scratch']
['scratch']
['scratch']
['scratch']
['scratch']
['scratch']
['scratch']
['scratch']
['scratch']
['scratch']
['scratch']
['scratch']
['scratch']
['scratch']
['scratch']
['scratch']
['scratch']
['scratch']
['scratch']
['scratch']
['scratch']
['scratch']
['scratch']
['scratch']
['scratch']
['scratch']
['scratch']
['scratch']
['scratch']
['scratch']
['scratch']
['scratch']
['scratch']
['scratch']
['scratch']
['scratch']
['scratch']
['scratch']
['scratch']
['scratch']
['scratch']
['scratch']
['scratch']
['scratch']
['scratch']
['scratch']
['scratch']
['scratch']
['scratch']
['scratch']
['scratch']
['scratch']
['scratch']
['scratch']
['scratch']
['scratch']
['scratch']
['scratch']
['scratch']
['scratch']
['scratch']
['scratch']
['scratch']
['scratch']
['scratch']
['scratch']
['scratch']
['scratch']
['scratch']
['scratch']
['scratch']
['scratch']
['scratch']
['scratch']
['scratch']
['scratch']
['scratch']
['scratch']
['scratch']
['scratch']
['scratch']
['scratch']
['scratch']
['scratch']
['scratch']
['scratch']
['scratch']
['scratch']
['scratch']
['scratch']
['scratch']
['scratch']
['scratch']
['scratch']
['scratch']
['scratch']
['scratch']
['scratch']
['scratch']
['scratch']
['scratch']
Number of files not read:	200
Finished
