/var/spool/slurm/slurmd/job12791756/slurm_script: line 7: R/3.6.0/gnu-6.4.0: No such file or directory

Attaching package: ‘pls’

The following object is masked from ‘package:stats’:

    loadings

[1] 1000  456
[1] 1000  246
  Sim      X.DOMM X.EMERG    X.INTROM X.NANC X.NSUB X.NTEM      X.RECM    X.SRD
1   0 5.85119e-05   19988 0.048278600  18945   9371   7911 2.10347e-04 0.725684
2   1 8.16421e-04   18810 0.001989760  15235   6005   4513 6.43070e-03 0.673316
3   2 5.75631e-03   17477 0.001316480  19473   7867   2232 8.50130e-05 0.695895
4   3 5.17639e-03   15734 0.000627837  14478   9874   5366 3.48016e-04 0.711126
5   4 1.24808e-05   19317 0.002851420  16363   9613   5441 1.00215e-05 0.939046
     X.SRW X.TRANSIT X.CONN X.MERGE X.MER_G X.SAMP    f0_0    f0_1     f0_2
1 0.748418      2224  75212   69988   72988  79988 41.6453 42.9316 29.33470
2 0.664279         6  71816   68810   71810  78810 28.7885 23.8466 10.35100
3 0.118767      1404  71881   67477   70477  77477 38.4845 28.9105 12.21050
4 0.654075      2708  71442   65734   68734  75734 52.9482 32.7076  9.42625
5 0.309776       578  72895   69317   72317  79317 25.1811 35.8291 25.75100
      f0_3      f0_4
1 19.43540 14.805200
2  3.29074  0.755416
3  4.30158  2.865730
4  1.87882  0.570739
5  9.01173  4.056930
[1] 1000  231
[1] 231 231
  [1] 8.169129e+00 6.917350e+00 4.108974e+00 3.696389e+00 3.376876e+00
  [6] 3.161900e+00 2.863945e+00 2.292175e+00 2.189701e+00 2.024968e+00
 [11] 1.986376e+00 1.824851e+00 1.691580e+00 1.677159e+00 1.545664e+00
 [16] 1.483072e+00 1.296171e+00 1.232302e+00 1.188657e+00 1.155974e+00
 [21] 1.138621e+00 1.114823e+00 1.040493e+00 9.995994e-01 9.686296e-01
 [26] 9.152597e-01 8.971723e-01 8.550890e-01 7.990151e-01 7.613338e-01
 [31] 7.361212e-01 7.158615e-01 6.954016e-01 6.736491e-01 6.641803e-01
 [36] 6.422569e-01 6.205510e-01 5.986740e-01 5.610669e-01 5.451476e-01
 [41] 5.333958e-01 5.140188e-01 5.020279e-01 4.978607e-01 4.690597e-01
 [46] 4.666300e-01 4.386661e-01 4.330635e-01 4.192870e-01 4.036881e-01
 [51] 3.996807e-01 3.930193e-01 3.727929e-01 3.650393e-01 3.568848e-01
 [56] 3.481617e-01 3.367027e-01 3.313789e-01 3.267544e-01 3.165726e-01
 [61] 3.085091e-01 2.928409e-01 2.909346e-01 2.759272e-01 2.704024e-01
 [66] 2.647856e-01 2.510266e-01 2.455752e-01 2.438773e-01 2.339496e-01
 [71] 2.280311e-01 2.220613e-01 2.137820e-01 2.085305e-01 2.032699e-01
 [76] 2.009759e-01 1.950610e-01 1.895447e-01 1.839597e-01 1.799751e-01
 [81] 1.742550e-01 1.718530e-01 1.649733e-01 1.637737e-01 1.538931e-01
 [86] 1.525089e-01 1.488479e-01 1.457501e-01 1.431318e-01 1.411353e-01
 [91] 1.393347e-01 1.347504e-01 1.331140e-01 1.312135e-01 1.260273e-01
 [96] 1.212657e-01 1.179353e-01 1.133471e-01 1.129211e-01 1.105418e-01
[101] 1.075954e-01 1.056649e-01 1.025072e-01 1.004977e-01 9.970835e-02
[106] 9.600743e-02 9.502289e-02 9.309848e-02 9.196551e-02 8.967796e-02
[111] 8.717097e-02 8.555283e-02 8.517047e-02 8.322659e-02 8.187731e-02
[116] 8.059078e-02 7.798158e-02 7.616493e-02 7.316620e-02 7.262488e-02
[121] 7.048489e-02 6.878920e-02 6.809345e-02 6.718365e-02 6.433201e-02
[126] 6.355657e-02 6.166372e-02 6.094367e-02 5.838781e-02 5.698215e-02
[131] 5.654395e-02 5.461848e-02 5.368413e-02 5.296025e-02 5.179126e-02
[136] 5.137017e-02 5.008235e-02 4.884114e-02 4.780092e-02 4.694396e-02
[141] 4.490796e-02 4.416490e-02 4.366642e-02 4.012670e-02 3.995829e-02
[146] 3.896166e-02 3.877471e-02 3.789302e-02 3.723203e-02 3.714350e-02
[151] 3.648167e-02 3.595920e-02 3.461175e-02 3.421745e-02 3.379358e-02
[156] 3.230002e-02 3.194030e-02 3.130799e-02 3.023202e-02 2.970073e-02
[161] 2.933822e-02 2.923038e-02 2.818896e-02 2.733575e-02 2.662055e-02
[166] 2.611604e-02 2.537296e-02 2.526638e-02 2.459996e-02 2.410413e-02
[171] 2.352766e-02 2.265856e-02 2.215156e-02 2.157972e-02 2.097641e-02
[176] 2.087482e-02 2.020386e-02 1.989434e-02 1.925374e-02 1.874356e-02
[181] 1.793501e-02 1.768677e-02 1.724253e-02 1.658996e-02 1.623838e-02
[186] 1.565248e-02 1.534509e-02 1.527507e-02 1.489728e-02 1.419431e-02
[191] 1.349600e-02 1.333359e-02 1.290111e-02 1.265277e-02 1.222703e-02
[196] 1.199005e-02 1.153094e-02 1.050238e-02 1.028686e-02 1.014475e-02
[201] 9.681351e-03 9.171774e-03 8.861866e-03 8.776385e-03 8.300777e-03
[206] 7.739189e-03 7.612224e-03 7.219734e-03 6.958204e-03 6.414970e-03
[211] 6.197934e-03 5.609276e-03 5.462433e-03 5.147228e-03 4.705016e-03
[216] 4.419155e-03 3.677327e-03 3.526897e-03 2.821068e-03 2.667214e-03
[221] 2.038783e-03 3.627822e-15 5.588535e-16 5.588535e-16 5.588535e-16
[226] 5.588535e-16 5.588535e-16 5.588535e-16 5.588535e-16 5.588535e-16
[231] 5.588535e-16
[1] 1000  231
[1] 1000  231
[1] "/home/x_garciaj/Projects/SLiM_ABC/tempsubtrop.v3/PLSfind/PLSfile_tempsubtrop_sim_Obs0_sampling1.txt"
pdf 
  2 
